Logfile initialized
[INFO] logfile = /Users/madssaust/Documents/Titanium_Studio_Workspace/eksamesProjekt/build.log
[DEBUG] /Library/Application Support/Titanium/mobilesdk/osx/2.1.4.GA/android/builder.py simulator eksamesProjekt /Users/madssaust/Downloads/adt-bundle-mac/sdk /Users/madssaust/Documents/Titanium_Studio_Workspace/eksamesProjekt mrgalax.eksamesProjekt 31 HVGA 
[INFO] Building eksamesProjekt for Android ... one moment
[INFO] Titanium SDK version: 2.1.4 (11/09/12 12:46 51f2c64)
[DEBUG] Waiting for device to be ready ...
[TRACE] adb devices returned 1 devices/emulators
[DEBUG] Device connected... (waited 0 seconds)
[DEBUG] waited 0.008960 seconds on emulator to get ready
[DEBUG] mrgalax.eksamesProjekt installed? True
[INFO] Fastdev server running, deploying in Fastdev mode
[INFO] Copying CommonJS modules...
[INFO] Copying project resources..
[TRACE] COPYING MODIFIED FILE: /Users/madssaust/Documents/Titanium_Studio_Workspace/eksamesProjekt/Resources/newwin.js => /Users/madssaust/Documents/Titanium_Studio_Workspace/eksamesProjekt/build/android/bin/assets/Resources/newwin.js
[INFO] Tiapp.xml unchanged, skipping class generation
[DEBUG] Processing Android resource drawables
[DEBUG] found drawable-long-land-hdpi splash screen at /Users/madssaust/Documents/Titanium_Studio_Workspace/eksamesProjekt/Resources/android/images/res-long-land-hdpi/default.png
[DEBUG] found drawable-long-land-ldpi splash screen at /Users/madssaust/Documents/Titanium_Studio_Workspace/eksamesProjekt/Resources/android/images/res-long-land-ldpi/default.png
[DEBUG] found drawable-long-port-hdpi splash screen at /Users/madssaust/Documents/Titanium_Studio_Workspace/eksamesProjekt/Resources/android/images/res-long-port-hdpi/default.png
[DEBUG] found drawable-long-port-ldpi splash screen at /Users/madssaust/Documents/Titanium_Studio_Workspace/eksamesProjekt/Resources/android/images/res-long-port-ldpi/default.png
[DEBUG] found drawable-notlong-land-hdpi splash screen at /Users/madssaust/Documents/Titanium_Studio_Workspace/eksamesProjekt/Resources/android/images/res-notlong-land-hdpi/default.png
[DEBUG] found drawable-notlong-land-ldpi splash screen at /Users/madssaust/Documents/Titanium_Studio_Workspace/eksamesProjekt/Resources/android/images/res-notlong-land-ldpi/default.png
[DEBUG] found drawable-notlong-land-mdpi splash screen at /Users/madssaust/Documents/Titanium_Studio_Workspace/eksamesProjekt/Resources/android/images/res-notlong-land-mdpi/default.png
[DEBUG] found drawable-notlong-port-hdpi splash screen at /Users/madssaust/Documents/Titanium_Studio_Workspace/eksamesProjekt/Resources/android/images/res-notlong-port-hdpi/default.png
[DEBUG] found drawable-notlong-port-ldpi splash screen at /Users/madssaust/Documents/Titanium_Studio_Workspace/eksamesProjekt/Resources/android/images/res-notlong-port-ldpi/default.png
[DEBUG] found drawable-notlong-port-mdpi splash screen at /Users/madssaust/Documents/Titanium_Studio_Workspace/eksamesProjekt/Resources/android/images/res-notlong-port-mdpi/default.png
[INFO] Waiting for SDCard to become available..
[INFO] Re-launching application ... eksamesProjekt
[INFO] Launching application ... eksamesProjekt
[TRACE] Launch output: Starting: Intent { act=android.intent.action.MAIN cat=[android.intent.category.LAUNCHER] flg=0x10200000 cmp=mrgalax.eksamesProjekt/.EksamesprojektActivity }
Warning: Activity not started, its current task has been brought to the front

